<?xml version="1.0" encoding="UTF-8"?>
<testsuite xmlns:xsi="http://www.w3.org/2001/XMLSchema-instance" xsi:noNamespaceSchemaLocation="https://maven.apache.org/surefire/maven-surefire-plugin/xsd/surefire-test-report-3.0.xsd" version="3.0" name="com.ghouse.meilisearchexplorer.MeilisearchExplorerApplicationTests" time="1.365" tests="1" errors="0" skipped="0" failures="0">
  <properties>
[...]
</properties>
  <testcase name="contextLoads" classname="com.ghouse.meilisearchexplorer.MeilisearchExplorerApplicationTests" time="0.468">
    <system-out><![CDATA[19:35:31.641 [main] INFO org.springframework.test.context.support.AnnotationConfigContextLoaderUtils -- Could not detect default configuration classes for test class [com.ghouse.meilisearchexplorer.MeilisearchExplorerApplicationTests]: MeilisearchExplorerApplicationTests does not declare any static, non-private, non-final, nested classes annotated with @Configuration.
19:35:31.682 [main] INFO org.springframework.boot.test.context.SpringBootTestContextBootstrapper -- Found @SpringBootConfiguration com.ghouse.meilisearchexplorer.MeilisearchExplorerApplication for test class com.ghouse.meilisearchexplorer.MeilisearchExplorerApplicationTests

  .   ____          _            __ _ _
 /\\ / ___'_ __ _ _(_)_ __  __ _ \ \ \ \
( ( )\___ | '_ | '_| | '_ \/ _` | \ \ \ \
 \\/  ___)| |_)| | | | | || (_| |  ) ) ) )
  '  |____| .__|_| |_|_| |_\__, | / / / /
 =========|_|==============|___/=/_/_/_/
 :: Spring Boot ::                (v3.2.4)

2025-04-15T19:35:31.846+05:30  WARN 78544 --- [meilisearch-explorer] [           main] ory$DuplicateJsonObjectContextCustomizer : 

Found multiple occurrences of org.json.JSONObject on the class path:

	jar:file:/Users/king/.m2/repository/com/vaadin/external/google/android-json/0.0.20131108.vaadin1/android-json-0.0.20131108.vaadin1.jar!/org/json/JSONObject.class
	jar:file:/Users/king/.m2/repository/org/json/json/20240303/json-20240303.jar!/org/json/JSONObject.class

You may wish to exclude one of them to ensure predictable runtime behavior

2025-04-15T19:35:31.854+05:30  INFO 78544 --- [meilisearch-explorer] [           main] .g.m.MeilisearchExplorerApplicationTests : Starting MeilisearchExplorerApplicationTests using Java 21.0.6 with PID 78544 (started by king in /Users/king/Workspace/OpenSource/meilisearch-explorer)
2025-04-15T19:35:31.855+05:30  INFO 78544 --- [meilisearch-explorer] [           main] .g.m.MeilisearchExplorerApplicationTests : No active profile set, falling back to 1 default profile: "default"
2025-04-15T19:35:32.450+05:30  INFO 78544 --- [meilisearch-explorer] [           main] .g.m.MeilisearchExplorerApplicationTests : Started MeilisearchExplorerApplicationTests in 0.704 seconds (process running for 1.113)
]]></system-out>
    <system-err><![CDATA[WARNING: A Java agent has been loaded dynamically (/Users/king/.m2/repository/net/bytebuddy/byte-buddy-agent/1.14.12/byte-buddy-agent-1.14.12.jar)
WARNING: If a serviceability tool is in use, please run with -XX:+EnableDynamicAgentLoading to hide this warning
WARNING: If a serviceability tool is not in use, please run with -Djdk.instrument.traceUsage for more information
WARNING: Dynamic loading of agents will be disallowed by default in a future release
]]></system-err>
  </testcase>
</testsuite>